Start testing: Mar 21 13:59 CET
----------------------------------------------------------
1/1 Testing: test_sub_pub_launch_testing.py
1/1 Test: test_sub_pub_launch_testing.py
Command: "/usr/bin/python3" "-u" "/opt/ros/foxy/share/ament_cmake_test/cmake/run_test.py" "/home/jo/dev_ws/src/ros2_cpp_test_example/build/test_results/ros2_cpp_test_example/test_sub_pub_launch_testing.py.xunit.xml" "--package-name" "ros2_cpp_test_example" "--output-file" "/home/jo/dev_ws/src/ros2_cpp_test_example/build/launch_test/CHANGEME.txt" "--command" "/usr/bin/python3" "-m" "launch_testing.launch_test" "/home/jo/dev_ws/src/ros2_cpp_test_example/test/sub_pub_launch_testing.py" "--junit-xml=/home/jo/dev_ws/src/ros2_cpp_test_example/build/test_results/ros2_cpp_test_example/test_sub_pub_launch_testing.py.xunit.xml" "--package-name=ros2_cpp_test_example"
Directory: /home/jo/dev_ws/src/ros2_cpp_test_example/build
"test_sub_pub_launch_testing.py" start time: Mar 21 13:59 CET
Output:
----------------------------------------------------------
-- run_test.py: invoking following command in '/home/jo/dev_ws/src/ros2_cpp_test_example/build':
 - /usr/bin/python3 -m launch_testing.launch_test /home/jo/dev_ws/src/ros2_cpp_test_example/test/sub_pub_launch_testing.py --junit-xml=/home/jo/dev_ws/src/ros2_cpp_test_example/build/test_results/ros2_cpp_test_example/test_sub_pub_launch_testing.py.xunit.xml --package-name=ros2_cpp_test_example
[INFO] [launch]: All log files can be found below /home/jo/.ros/log/2022-03-21-13-59-55-387798-jo-Lenovo-ThinkBook-16p-Gen-2-50823
[INFO] [launch]: Default logging verbosity is set to INFO
test_dut_output (ros2_cpp_test_example.TestProcessOutput)
Listen for a message published by dut and compare message to expected value. ... [INFO] [sub_pub-1]: process started with pid [50826]
[sub_pub-1] [INFO] [1647867595.954361588] [sub_pub]: I heard: 'Hello World'
[INFO] [1647867595.958108766] [input_output_node]: Publishing: "Hello World"
[INFO] [1647867596.457343320] [input_output_node]: Publishing: "Hello World"

[test_dut_output] [INFO] expected_data:
Greetings

[test_dut_output] [INFO] received_data:
Greetings
[sub_pub-1] [INFO] [1647867596.454241123] [sub_pub]: I heard: 'Hello World'
[INFO] [sub_pub-1]: sending signal 'SIGINT' to process[sub_pub-1]
[sub_pub-1] [INFO] [1647867596.467183497] [rclcpp]: signal_handler(signal_value=2)
[INFO] [sub_pub-1]: process has finished cleanly [pid 50826]
ok

----------------------------------------------------------------------
Ran 1 test in 1.074s

OK

----------------------------------------------------------------------
Ran 0 tests in 0.000s

OK
-- run_test.py: return code 0
-- run_test.py: verify result file '/home/jo/dev_ws/src/ros2_cpp_test_example/build/test_results/ros2_cpp_test_example/test_sub_pub_launch_testing.py.xunit.xml'
<end of output>
Test time =   1.54 sec
----------------------------------------------------------
Test Passed.
"test_sub_pub_launch_testing.py" end time: Mar 21 13:59 CET
"test_sub_pub_launch_testing.py" time elapsed: 00:00:01
----------------------------------------------------------

End testing: Mar 21 13:59 CET
