<?xml version="1.0" encoding="UTF-8"?>
<Site BuildName="(empty)"
	BuildStamp="20220321-1259-Experimental"
	Name="jo-Lenovo-ThinkBook-16p-Gen-2"
	Generator="ctest-3.16.3"
	CompilerName="/bin/x86_64-linux-gnu-g++-9"
	CompilerVersion="9.4.0"
	OSName="Linux"
	Hostname="jo-Lenovo-ThinkBook-16p-Gen-2"
	OSRelease="5.13.0-35-generic"
	OSVersion="#40~20.04.1-Ubuntu SMP Mon Mar 7 09:18:32 UTC 2022"
	OSPlatform="x86_64"
	Is64Bits="1"
	VendorString="AuthenticAMD"
	VendorID="Advanced Micro Devices"
	FamilyID="25"
	ModelID="80"
	ProcessorCacheSize="512"
	NumberOfLogicalCPU="16"
	NumberOfPhysicalCPU="8"
	TotalVirtualMemory="2047"
	TotalPhysicalMemory="31462"
	LogicalProcessorsPerPhysical="2"
	ProcessorClockFrequency="2213.19"
	>
	<Testing>
		<StartDateTime>Mar 21 13:59 CET</StartDateTime>
		<StartTestTime>1647867595</StartTestTime>
		<TestList>
			<Test>./test_sub_pub_launch_testing.py</Test>
		</TestList>
		<Test Status="passed">
			<Name>test_sub_pub_launch_testing.py</Name>
			<Path>.</Path>
			<FullName>./test_sub_pub_launch_testing.py</FullName>
			<FullCommandLine>/usr/bin/python3 "-u" "/opt/ros/foxy/share/ament_cmake_test/cmake/run_test.py" "/home/jo/dev_ws/src/ros2_cpp_test_example/build/test_results/ros2_cpp_test_example/test_sub_pub_launch_testing.py.xunit.xml" "--package-name" "ros2_cpp_test_example" "--output-file" "/home/jo/dev_ws/src/ros2_cpp_test_example/build/launch_test/CHANGEME.txt" "--command" "/usr/bin/python3" "-m" "launch_testing.launch_test" "/home/jo/dev_ws/src/ros2_cpp_test_example/test/sub_pub_launch_testing.py" "--junit-xml=/home/jo/dev_ws/src/ros2_cpp_test_example/build/test_results/ros2_cpp_test_example/test_sub_pub_launch_testing.py.xunit.xml" "--package-name=ros2_cpp_test_example"</FullCommandLine>
			<Results>
				<NamedMeasurement type="numeric/double" name="Execution Time">
					<Value>1.54137</Value>
				</NamedMeasurement>
				<NamedMeasurement type="numeric/double" name="Processors">
					<Value>1</Value>
				</NamedMeasurement>
				<NamedMeasurement type="text/string" name="Completion Status">
					<Value>Completed</Value>
				</NamedMeasurement>
				<NamedMeasurement type="text/string" name="Command Line">
					<Value>/usr/bin/python3 "-u" "/opt/ros/foxy/share/ament_cmake_test/cmake/run_test.py" "/home/jo/dev_ws/src/ros2_cpp_test_example/build/test_results/ros2_cpp_test_example/test_sub_pub_launch_testing.py.xunit.xml" "--package-name" "ros2_cpp_test_example" "--output-file" "/home/jo/dev_ws/src/ros2_cpp_test_example/build/launch_test/CHANGEME.txt" "--command" "/usr/bin/python3" "-m" "launch_testing.launch_test" "/home/jo/dev_ws/src/ros2_cpp_test_example/test/sub_pub_launch_testing.py" "--junit-xml=/home/jo/dev_ws/src/ros2_cpp_test_example/build/test_results/ros2_cpp_test_example/test_sub_pub_launch_testing.py.xunit.xml" "--package-name=ros2_cpp_test_example"</Value>
				</NamedMeasurement>
				<Measurement>
					<Value encoding="base64" compression="gzip">eJytVclu2zAQvesrBr04OVCrtdhADi2KpkaDJGgD9GAEAi1NLMY0KZCUE/99R3IWI3HTBogAAaI4894sj0PGwHSqdGid326nINRGr4Rawo2WUt/1X5Ver7mqaQtGQaPXGNzqoMZNeWcDa6rAaBuXVdsOICXe83UrMVh0QtajqQcMgs6aYCFU0G5do1UCbA2Sd6pqBhfi8PeW8P8c/SKw3aJs6X2B2G6BsdtOCcfu1/LknYEP0KVB20ln32Av/8ru3/fcPnFTHC2vVnyJTPE1nhxE8+az828X1zDfAV1P4bOUIDU1Qki0UHEFC6SudNSJBVJrnuvkE2JApkEcxjELExZHLEpYOmFpypIizycFu9XsDJXeaHbVCLX6ovWKRVnLTlGxmKVhESevQ/iKN5wK0Iex7JWwQbPQVrgtCAsWHTgNvY83ZFJ3rtSdazsHRwdz9K9ocWl0hdZeDIbH3pmwDhXlZYDDmjaoTEAFlcI2SJlugWChlx/JsOUGn4yIG+9brByZbbjs0Aff9+ExiYfGsIjyaHecYB03vfmdcA20ooZ5n3h27e1ZPwFE2TgvsjydpP4kHSdZlBbFMy6hzqBBbuopjL4jnRX4rQ0p3jvoX0RhkWcZ/RaqfapTqXSNhHS5y5dKPIVPe2CfXoNl/jjNk3GSxOG7wbz5iz49JftYyLLmjk+9U4PYy9i+4WKwQrE54PJmLfvwx/E4iuLkPbXcb6ZFVfditGKpuITRr9np7Pxq1Ovhoc975v+MJsujIhlPcvptKkmK7RkG5LIh1Uk0Rw/LQWMn8fHBoB4V1nBLB1btxFtJ5EpuYd5L7UFpeuV57EMe7yeNhAiGkUmjOfLDfEwNu/jxoQThQGB7htAPw3DHwF7cGgZdZxQd0RohfLVLY0PcbGE3TYd59u6L5CPn8cj7A1YjS5M=</Value>
				</Measurement>
			</Results>
		</Test>
		<EndDateTime>Mar 21 13:59 CET</EndDateTime>
		<EndTestTime>1647867596</EndTestTime>
		<ElapsedMinutes>0</ElapsedMinutes>
	</Testing>
</Site>
